<?xml version="1.0" encoding="UTF-8"?>
<!--
  ~ Copyright (C) 2016 Netflix, Inc.
  ~
  ~     This file is part of IMF Conversion Utility.
  ~
  ~     IMF Conversion Utility is free software: you can redistribute it and/or modify
  ~     it under the terms of the GNU General Public License as published by
  ~     the Free Software Foundation, either version 3 of the License, or
  ~     (at your option) any later version.
  ~
  ~     IMF Conversion Utility is distributed in the hope that it will be useful,
  ~     but WITHOUT ANY WARRANTY; without even the implied warranty of
  ~     MERCHANTABILITY or FITNESS FOR A PARTICULAR PURPOSE.  See the
  ~     GNU General Public License for more details.
  ~
  ~     You should have received a copy of the GNU General Public License
  ~     along with IMF Conversion Utility.  If not, see <http://www.gnu.org/licenses/>.
  -->

<package xmlns="http://apple.com/itunes/importer" version="film5.0">
    <provider>WarnerMusicGroup</provider>
    <language>en-US</language>
    <video>
        <type>film</type>
        <subtype>concert</subtype>
        <vendor_id>075993999976</vendor_id>
        <isan>0000-0000-03B6-0000-O-0000-0000-2</isan>
        <upc>075993999976</upc>
        <country>US</country>
        <title>The Confessions Tour</title>
        <synopsis>The Confessions Tour features songs from throughout the dance
            diva's career but largely focuses on Confessions On A Dance Floor.
        </synopsis>
        <production_company>Warner Bros.</production_company>
        <copyright_cline>2006 Warner Bros. Records Inc.</copyright_cline>
        <theatrical_release_date>2007-01-23</theatrical_release_date>
        <genres>
            <genre>Concert Films</genre>
        </genres>
        <ratings>
            <rating system="mpaa" reason="Content contains adult material.">UR</rating>
        </ratings>
        <artists>
            <artist>
                <artist_name>Madonna</artist_name>
                <roles>
                    <role>Performer</role>
                </roles>
                <primary>true</primary>
            </artist>
        </artists>
        <chapters>
            <timecode_format>24/999 1000/nonDrop</timecode_format>
            <chapter>
                <start_time>00:00:00:00</start_time>
                <title>Future Lovers / I Feel Love</title>
                <artwork_file>
                    <file_name>chapter01.jpg</file_name>
                    <size>6591649</size>
                    <checksum type="md5">ed93d0f3224a353a4cc8d4175d645130</checksum>
                </artwork_file>
            </chapter>
            <chapter>
                <start_time>00:08:27:23</start_time>
                <title>Like A Virgin</title>
                <artwork_file>
                    <file_name>chapter02.jpg</file_name>
                    <size>6591649</size>
                    <checksum type="md5">86bed7ef05c34c1e85345f40d11137a9</checksum>
                </artwork_file>
            </chapter>
            <!-- Additional chapters here. -->
        </chapters>
        <assets>
            <asset type="full">
                <data_file role="source">
                    <locale name="en-US"/>
                    <file_name>USWBV0700016_15384-source.mov</file_name>
                    <size>2595225600</size>
                    <checksum type="md5">2a793a8b46037fe8aa29dd739b49911a
                    </checksum>
                    <attribute name="crop.top">80</attribute>
                    <attribute name="crop.bottom">80</attribute>
                    <attribute name="crop.left">50</attribute>
                    <attribute name="crop.right">50</attribute>
                    <attribute name="image.textless_master">true</attribute>
                </data_file>
                <data_file role="captions">
                    <file_name>USWBV0700016_15384-english.scc</file_name>
                    <size>9511</size>
                    <checksum type="md5">5a793a8b46037fe8aa2bdd739b49911a
                    </checksum>
                </data_file>
            </asset>
            <asset type="preview">
                <territories>
                    <territory>WW</territory>
                </territories>
                <data_file role="source">
                    <locale name="en-US"/>
                    <file_name>USWBV0700016_15384-preview.mov</file_name>
                    <size>9987212</size>
                    <checksum type="md5">3b793a8b46037fe8aa29dd739b49911e
                    </checksum>
                    <attribute name="crop.top">80</attribute>
                    <attribute name="crop.bottom">80</attribute>
                    <attribute name="crop.left">50</attribute>
                    <attribute name="crop.right">50</attribute>
                </data_file>
            </asset>
            <asset type="artwork">
                <territories>
                    <territory>WW</territory>
                </territories>
                <data_file>
                    <file_name>USWBV0700016.sca3.jpg</file_name>
                    <size>6591649</size>
                    <checksum type="md5">ddfe4b8ab433e43e7dde429df86cabb2
                    </checksum>
                </data_file>
            </asset>
        </assets>
        <products>
            <product>
                <territory>US</territory>
                <cleared_for_sale>true</cleared_for_sale>
                <wholesale_price_tier>203</wholesale_price_tier>
                <preorder_sales_start_date>2007-01-15</preorder_sales_start_date>
                <sales_start_date>2007-01-29</sales_start_date>
                <cleared_for_vod>true</cleared_for_vod>
                <vod_type>New Release</vod_type>
                <available_for_vod_date>2007-01-29</available_for_vod_date>
                <unavailable_for_vod_date>2008-11-12</unavailable_for_vod_date>
                <physical_release_date>2007-03-12</physical_release_date>
            </product>
        </products>
        <cue_sheet>
            <cue>
                <sequence_number>1</sequence_number>
                <time>
                    <start_timecode>00:00:27</start_timecode>
                    <duration>00:08:00</duration>
                </time>
                <title>Future Lovers / I Feel Love</title>
                <artists>
                    <artist>
                        <artist_name>Madonna</artist_name>
                        <roles>
                            <role>Performer</role>
                            <role>Creator</role>
                        </roles>
                    </artist>
                    <artist>
                        <artist_name>Ahmadzai, Miruais</artist_name>
                        <roles>
                            <role>Creator</role>
                        </roles>
                    </artist>
                </artists>
                <isrc>USWB10606544</isrc>
                <iswc>T-072.371.209-1</iswc>
                <copyright_cline>2006 Warner Bros. Records Inc.</copyright_cline>
                <copyright_pline>2006 Warner Bros. Records Inc.</copyright_pline>
                <usage>Featured</usage>
            </cue>
            <cue>
                <sequence_number>2</sequence_number>
                <time>
                    <start_timecode>00:08:27</start_timecode>
                    <duration>00:04:13</duration>
                </time>
                <title>Like A Virgin</title>
                <artists>
                    <artist>
                        <artist_name>Madonna</artist_name>
                        <roles>
                            <role>Performer</role>
                        </roles>
                    </artist>
                    <artist>
                        <artist_name>Kelley, Thomas F.</artist_name>
                        <roles>
                            <role>Creator</role>
                        </roles>
                    </artist>
                    <artist>
                        <artist_name>Steinberg, William E.</artist_name>
                        <roles>
                            <role>Creator</role>
                        </roles>
                    </artist>
                </artists>
                <isrc>USWB10606545</isrc>
                <iswc>T-070.101.681-0</iswc>
                <copyright_cline>2006 Warner Bros. Records Inc.</copyright_cline>
                <copyright_pline>2006 Warner Bros. Records Inc.</copyright_pline>
                <usage>Featured</usage>
            </cue>
            <cue>
                <sequence_number>3</sequence_number>
                <time>
                    <start_timecode>00:12:40</start_timecode>
                    <duration>00:04:53</duration>
                </time>
                <title>Jump</title>
                <artists>
                    <artist>
                        <artist_name>Madonna</artist_name>
                        <roles>
                            <role>Performer</role>
                            <role>Creator</role>
                        </roles>
                    </artist>
                    <artist>
                        <artist_name>Price, Stuart David</artist_name>
                        <roles>
                            <role>Creator</role>
                        </roles>
                    </artist>
                    <artist>
                        <artist_name>Henry, Joseph Lee</artist_name>
                        <roles>
                            <role>Creator</role>
                        </roles>
                    </artist>
                </artists>
                <isrc>USWB10606546</isrc>
                <iswc>T-072.500.162-6</iswc>
                <copyright_cline>2006 Warner Bros. Records Inc.</copyright_cline>
                <copyright_pline>2006 Warner Bros. Records Inc.</copyright_pline>
                <usage>Featured</usage>
            </cue>
        </cue_sheet>
    </video>
</package>
