<?xml version="1.0" encoding="UTF-8"?>

<conversion xmlns="http://conversion.imfutility.netflix.com">

    <imfValidation>%{dynamic.validateTool} -i %{dynamic.imp} -c %{dynamic.cpl} -d %{dynamic.workingDir} -f %{dynamic.outputValidationFile}
    </imfValidation>

    <formats>
        <!--
            specific configuration for each format
        -->
        <format name="fakeFormat">
            <tmpContext/>
            <defaultDestContext name="1"/>

            <mediaInfoCommandVideo/>
            <mediaInfoCommandAudio/>
            <mediaInfoCommandSubtitle/>

            <formatConfigurations>
                <formatConfiguration name="test">

                    <for iterator="i" from="2" to="5" count="4">
                        <dynamicParameter name="output" concat="true" concatWhitespace="false">
                            |%{i}
                        </dynamicParameter>
                    </for>

                </formatConfiguration>
            </formatConfigurations>

        </format>
    </formats>
</conversion>

