<?xml version="1.0" encoding="UTF-8"?>
<!--
  ~ Copyright (C) 2016 Netflix, Inc.
  ~
  ~     This file is part of IMF Conversion Utility.
  ~
  ~     IMF Conversion Utility is free software: you can redistribute it and/or modify
  ~     it under the terms of the GNU General Public License as published by
  ~     the Free Software Foundation, either version 3 of the License, or
  ~     (at your option) any later version.
  ~
  ~     IMF Conversion Utility is distributed in the hope that it will be useful,
  ~     but WITHOUT ANY WARRANTY; without even the implied warranty of
  ~     MERCHANTABILITY or FITNESS FOR A PARTICULAR PURPOSE.  See the
  ~     GNU General Public License for more details.
  ~
  ~     You should have received a copy of the GNU General Public License
  ~     along with IMF Conversion Utility.  If not, see <http://www.gnu.org/licenses/>.
  -->
<conversion xmlns="http://conversion.imfutility.netflix.com">

    <imfValidation/>

    <formats>
        <format name="fakeFormat">

            <tmpContext/>
            <defaultDestContext name="main"/>

            <mediaInfoCommandVideo/>
            <mediaInfoCommandAudio/>
            <mediaInfoCommandSubtitle/>

            <mediaInfoCommandOthers>
                <mediaInfoCommand name="other1">
                    mediaInfoOther1 %{dynamic.mediaInfoInput1}
                </mediaInfoCommand>
                <mediaInfoCommand name="other2">
                    mediaInfoOther2 %{dynamic.mediaInfoInput2}
                </mediaInfoCommand>
            </mediaInfoCommandOthers>

            <formatConfigurations>
                <formatConfiguration name="main">
                    <execOnce name="exexOnce">
                        execOnce
                    </execOnce>
                </formatConfiguration>
            </formatConfigurations>
        </format>

    </formats>
</conversion>

