<?xml version="1.0" encoding="UTF-8"?>

<conversion xmlns="http://conversion.imfutility.netflix.com">

    <imfValidation>%{dynamic.validateTool} -i %{dynamic.imp} -c %{dynamic.cpl} -d %{dynamic.workingDir} -f
        %{dynamic.outputValidationFile}
    </imfValidation>

    <formats>
        <!--
            specific configuration for each format
        -->
        <format name="fakeFormat">
            <tmpContext>
            </tmpContext>

            <mediaInfoCommandVideo>mediaInfoCommandVideo %{dynamic.mediaInfoInput}</mediaInfoCommandVideo>
            <mediaInfoCommandAudio>mediaInfoCommandAudio %{dynamic.mediaInfoInput}</mediaInfoCommandAudio>
            <mediaInfoCommandSubtitle>mediaInfoCommandSubtitle %{dynamic.mediaInfoInput}</mediaInfoCommandSubtitle>

            <formatConfigurations>
                <formatConfiguration name="skippedSimpleIf">

                    <conversionParameters></conversionParameters>

                    <!-- skipped simple if -->
                    <dynamicParameter name="skippedIfName" if="false">skippedIfValue
                    </dynamicParameter>

                    <!-- non-skipped if-->
                    <dynamicParameter name="nonSkippedIfName" if="true">nonSkippedIfValue
                    </dynamicParameter>

                </formatConfiguration>

                <formatConfiguration name="skippedSimpleUnless">

                    <conversionParameters></conversionParameters>

                    <!-- skipped simple unless -->
                    <dynamicParameter name="skippedUnlessName" unless="true">skippedUnlessValue
                    </dynamicParameter>

                    <!-- non-skipped unless -->
                    <dynamicParameter name="nonSkippedUnlessName" unless="false">
                        nonSkippedUnlessValue
                    </dynamicParameter>

                </formatConfiguration>


                <formatConfiguration name="skippedParam">
                    <conversionParameters></conversionParameters>

                    <!-- skipped simple with dynamic param in if -->
                    <dynamicParameter name="skippedIfParamName" if="%{dynamic.skipped}">
                        skippedIfParamValue
                    </dynamicParameter>

                    <!-- non-skipped simple with dynamic param in if -->
                    <dynamicParameter name="nonSkippedIfParamName" if="%{dynamic.notSkipped}">
                        nonSkippedIfParamValue
                    </dynamicParameter>

                    <!-- skipped simple with dynamic param in unless -->
                    <dynamicParameter name="skippedUnlessParamName" unless="%{dynamic.notSkipped}">
                        skippedUnlessParamValue
                    </dynamicParameter>

                    <!-- non-skipped simple with dynamic param in unless -->
                    <dynamicParameter name="nonSkippedUnlessParamName" unless="%{dynamic.skipped}">
                        nonSkippedUnlessParamValue
                    </dynamicParameter>

                </formatConfiguration>

                <formatConfiguration name="skippedEachSeq">
                    <conversionParameters></conversionParameters>

                    <!-- skipped within skipped execSeq -->
                    <execEachSequence name="skippedExecEachSeq1" type="audio" if="false">
                        <dynamicParameter name="skippedSeqName1">skippedSeqValue1
                        </dynamicParameter>
                    </execEachSequence>

                    <!-- skipped within skipped execSeq and skipped execSegm-->
                    <execEachSequence name="skippedExecEachSeq2" type="audio" if="false">
                        <execEachSegment name="skippedExecEachSeqSegm1" if="false">
                            <execOnce name="exec">exec</execOnce>
                            <dynamicParameter name="skippedSeqSegmName1">skippedSeqSegmValue1
                            </dynamicParameter>
                        </execEachSegment>
                    </execEachSequence>

                    <!-- skipped within skipped execSeq and non-skipped execSegm-->
                    <execEachSequence name="skippedExecEachSeq3" type="audio" if="false">
                        <execEachSegment name="skippedExecEachSeqSegm2" if="true">
                            <execOnce name="exec">exec</execOnce>
                            <dynamicParameter name="skippedSeqSegmName2">skippedSeqSegmValue2
                            </dynamicParameter>
                        </execEachSegment>
                    </execEachSequence>

                    <!-- skipped within non-skipped execSeq and skipped execSegm-->
                    <execEachSequence name="skippedExecEachSeq4" type="audio" if="true">
                        <execEachSegment name="skippedExecEachSeqSegm3" if="false">
                            <execOnce name="exec">exec</execOnce>
                            <dynamicParameter name="skippedSeqSegmName3">skippedSeqSegmValue3
                            </dynamicParameter>
                        </execEachSegment>
                    </execEachSequence>

                    <!-- skipped param within non-skipped execSeq -->
                    <execEachSequence name="skippedExecEachSeq5" type="audio" if="true">
                        <dynamicParameter name="skippedSeqName2" if="false">skippedSeqValue2
                        </dynamicParameter>
                    </execEachSequence>

                    <!-- skipped param within non-skipped execSeq and non-skipped execSegm-->
                    <execEachSequence name="skippedExecEachSeq6" type="audio" if="true">
                        <execEachSegment name="skippedExecEachSeqSegm4" if="true">
                            <execOnce name="exec">exec</execOnce>
                            <dynamicParameter name="skippedSeqSegmName4" if="false">
                                skippedSeqSegmValue4
                            </dynamicParameter>
                        </execEachSegment>
                    </execEachSequence>
                </formatConfiguration>

                <formatConfiguration name="skippedEachSegm">
                    <conversionParameters></conversionParameters>

                    <!-- skipped within skipped execSegm -->
                    <execEachSegment name="skippedExecEachSegm1" if="false">
                        <dynamicParameter name="skippedSegmName1">skippedSegmValue1
                        </dynamicParameter>
                    </execEachSegment>

                    <!-- skipped within skipped execSegm and skipped execSeq -->
                    <execEachSegment name="skippedExecEachSegm2" if="false">
                        <execEachSequence name="skippedExecEachSegmSeq1" type="audio" if="false">
                            <execOnce name="exec">exec</execOnce>
                            <dynamicParameter name="skippedSegmSeqName1">skippedSegmSeqValue1
                            </dynamicParameter>
                        </execEachSequence>
                    </execEachSegment>

                    <!-- skipped within skipped execSegm and non-skipped execSeq -->
                    <execEachSegment name="skippedExecEachSegm3" if="false">
                        <execEachSequence name="skippedExecEachSegmSeq2" type="audio" if="true">
                            <execOnce name="exec">exec</execOnce>
                            <dynamicParameter name="skippedSegmSeqName2">skippedSegmSeqValue2
                            </dynamicParameter>
                        </execEachSequence>
                    </execEachSegment>

                    <!-- skipped within non-skipped execSegm and skipped execSeq -->
                    <execEachSegment name="skippedExecEachSegm4" if="false">
                        <execEachSequence name="skippedExecEachSegmSeq3" type="audio" if="true">
                            <execOnce name="exec">exec</execOnce>
                            <dynamicParameter name="skippedSegmSeqName3">skippedSegmSeqValue3
                            </dynamicParameter>
                        </execEachSequence>
                    </execEachSegment>

                    <!-- skipped param within non-skipped execSegm -->
                    <execEachSegment name="skippedExecEachSegm5" if="true">
                        <dynamicParameter name="skippedSegmName2" if="false">skippedSegmValue2
                        </dynamicParameter>
                    </execEachSegment>

                    <!-- skipped param within non-skipped execSegm and non-skipped execSeq -->
                    <execEachSegment name="skippedExecEachSegm6" if="true">
                        <execEachSequence name="skippedExecEachSegmSeq4" type="audio" if="true">
                            <execOnce name="exec">exec</execOnce>
                            <dynamicParameter name="skippedSegmSeqName4" if="false">
                                skippedSegmSeqValue4
                            </dynamicParameter>
                        </execEachSequence>
                    </execEachSegment>

                </formatConfiguration>

                <formatConfiguration name="nonSkippedEachSeq">
                    <conversionParameters></conversionParameters>

                    <!-- non-skipped within non-skipped execSeq -->
                    <execEachSequence name="nonSkippedExecEachSeq1" type="audio" if="true">
                        <dynamicParameter name="nonSkippedSeqName">nonSkippedSeqValue
                        </dynamicParameter>
                    </execEachSequence>

                    <!-- non-skipped within non-skipped execSeq and noin-skipped execSegm -->
                    <execEachSequence name="nonSkippedExecEachSeq2" type="audio" if="true">
                        <execEachSegment name="nonSkippedExecEachSeqSegm" if="true">
                            <execOnce name="exec">exec</execOnce>
                            <dynamicParameter name="nonSkippedSeqSegmName" if="true">
                                nonSkippedSeqSegmValue
                            </dynamicParameter>
                        </execEachSegment>
                    </execEachSequence>
                </formatConfiguration>

                <formatConfiguration name="nonSkippedEachSegm">
                    <conversionParameters></conversionParameters>

                    <!-- non-skipped within non-skipped execSegm -->
                    <execEachSegment name="nonSkippedExecEachSegm1" if="true">
                        <dynamicParameter name="nonSkippedSegmName" if="true">
                            nonSkippedSegmValue
                        </dynamicParameter>
                    </execEachSegment>

                    <!-- non-skipped within non-skipped execSegm and non-skipped execSeq -->
                    <execEachSegment name="nonSkippedExecEachSegm2" if="true">
                        <execEachSequence name="nonSkippedExecEachSegmSeq" if="true" type="audio">
                            <execOnce name="exec">exec</execOnce>
                            <dynamicParameter name="nonSkippedSegmSeqName">
                                nonSkippedSegmSeqValue
                            </dynamicParameter>
                        </execEachSequence>
                    </execEachSegment>

                </formatConfiguration>
            </formatConfigurations>

        </format>
    </formats>
</conversion>

